Determining if the pthread_create exist failed with the following output:
Change Dir: /home/mclovin/Desktop/homework5/problem_1/possible_parentheses/CMakeFiles/CMakeTmp

Run Build Command:"/usr/bin/make" "cmTC_7c876/fast"
/usr/bin/make -f CMakeFiles/cmTC_7c876.dir/build.make CMakeFiles/cmTC_7c876.dir/build
make[1]: Entering directory '/home/mclovin/Desktop/homework5/problem_1/possible_parentheses/CMakeFiles/CMakeTmp'
Building C object CMakeFiles/cmTC_7c876.dir/CheckSymbolExists.c.o
/usr/bin/cc    -o CMakeFiles/cmTC_7c876.dir/CheckSymbolExists.c.o   -c /home/mclovin/Desktop/homework5/problem_1/possible_parentheses/CMakeFiles/CMakeTmp/CheckSymbolExists.c
Linking C executable cmTC_7c876
/usr/bin/cmake -E cmake_link_script CMakeFiles/cmTC_7c876.dir/link.txt --verbose=1
/usr/bin/cc      -rdynamic CMakeFiles/cmTC_7c876.dir/CheckSymbolExists.c.o  -o cmTC_7c876 
CMakeFiles/cmTC_7c876.dir/CheckSymbolExists.c.o: In function `main':
CheckSymbolExists.c:(.text+0x1b): undefined reference to `pthread_create'
collect2: error: ld returned 1 exit status
CMakeFiles/cmTC_7c876.dir/build.make:97: recipe for target 'cmTC_7c876' failed
make[1]: *** [cmTC_7c876] Error 1
make[1]: Leaving directory '/home/mclovin/Desktop/homework5/problem_1/possible_parentheses/CMakeFiles/CMakeTmp'
Makefile:126: recipe for target 'cmTC_7c876/fast' failed
make: *** [cmTC_7c876/fast] Error 2

File /home/mclovin/Desktop/homework5/problem_1/possible_parentheses/CMakeFiles/CMakeTmp/CheckSymbolExists.c:
/* */
#include <pthread.h>

int main(int argc, char** argv)
{
  (void)argv;
#ifndef pthread_create
  return ((int*)(&pthread_create))[argc];
#else
  (void)argc;
  return 0;
#endif
}

Determining if the function pthread_create exists in the pthreads failed with the following output:
Change Dir: /home/mclovin/Desktop/homework5/problem_1/possible_parentheses/CMakeFiles/CMakeTmp

Run Build Command:"/usr/bin/make" "cmTC_e3539/fast"
/usr/bin/make -f CMakeFiles/cmTC_e3539.dir/build.make CMakeFiles/cmTC_e3539.dir/build
make[1]: Entering directory '/home/mclovin/Desktop/homework5/problem_1/possible_parentheses/CMakeFiles/CMakeTmp'
Building C object CMakeFiles/cmTC_e3539.dir/CheckFunctionExists.c.o
/usr/bin/cc   -DCHECK_FUNCTION_EXISTS=pthread_create   -o CMakeFiles/cmTC_e3539.dir/CheckFunctionExists.c.o   -c /usr/share/cmake-3.10/Modules/CheckFunctionExists.c
Linking C executable cmTC_e3539
/usr/bin/cmake -E cmake_link_script CMakeFiles/cmTC_e3539.dir/link.txt --verbose=1
/usr/bin/cc  -DCHECK_FUNCTION_EXISTS=pthread_create    -rdynamic CMakeFiles/cmTC_e3539.dir/CheckFunctionExists.c.o  -o cmTC_e3539 -lpthreads 
/usr/bin/ld: cannot find -lpthreads
collect2: error: ld returned 1 exit status
CMakeFiles/cmTC_e3539.dir/build.make:97: recipe for target 'cmTC_e3539' failed
make[1]: *** [cmTC_e3539] Error 1
make[1]: Leaving directory '/home/mclovin/Desktop/homework5/problem_1/possible_parentheses/CMakeFiles/CMakeTmp'
Makefile:126: recipe for target 'cmTC_e3539/fast' failed
make: *** [cmTC_e3539/fast] Error 2


